<?xml version="1.0" encoding="UTF-8"?>
<!-- Generated by org.testng.reporters.JUnitReportReporter -->
<testsuite hostname="LAPTOP-3UV6SH1O" failures="0" tests="1" name="TestCases.Flipkart" time="4.057" errors="0" timestamp="2023-02-10T15:33:41 IST" skipped="0">
  <testcase classname="TestCases.Flipkart" name="Execution" time="4.057"/>
  <system-out/>
</testsuite> <!-- TestCases.Flipkart -->
