<?xml version="1.0" encoding="UTF-8"?>
<!-- Generated by org.testng.reporters.JUnitReportReporter -->
<testsuite hostname="LAPTOP-3UV6SH1O" failures="0" tests="1" name="TestCases.Flipkart" time="9.730" errors="0" timestamp="2023-03-05T20:44:19 IST" skipped="0">
  <testcase classname="TestCases.Flipkart" name="Execution" time="9.730"/>
  <system-out/>
</testsuite> <!-- TestCases.Flipkart -->
